<?xml version="1.0" encoding="UTF-8"?>
<!-- Generated by org.testng.reporters.JUnitReportReporter -->
<testsuite hostname="LIN51017263" failures="0" tests="1" name="com.BaseTest.LoginTest" time="102.732" errors="0" timestamp="09 Dec 2021 08:49:14 GMT" skipped="0">
  <testcase classname="com.BaseTest.LoginTest" name="VerifyLogin" time="102.732"/>
</testsuite> <!-- com.BaseTest.LoginTest -->
